version;105
jconfig;COMPILE_UNIT_61c9d566e6204613a33dd4441a06a473;-classpath;C:\Program Files\Java\jdk1.7.0_45\jre\lib\resources.jar%3BC:\Program Files\Java\jdk1.7.0_45\jre\lib\rt.jar%3BC:\Program Files\Java\jdk1.7.0_45\jre\lib\jsse.jar%3BC:\Program Files\Java\jdk1.7.0_45\jre\lib\jce.jar%3BC:\Program Files\Java\jdk1.7.0_45\jre\lib\charsets.jar%3BC:\Program Files\Java\jdk1.7.0_45\jre\lib\jfr.jar%3BC:\Users\k.antczak\workspace\Code Monkey\bin%3BC:\Users\k.antczak\workspace\Code Monkey\bin%3BC:\Users\k.antczak\workspace\Code Monkey\args4j-2.0.21.jar%3BD:\Applications\apache-ant-1.9.2\lib\ant-launcher.jar%3Bd:\klocwork\user 9.6\class\kwant.jar%3Bd:\klocwork\user 9.6\class\buildspec.jar%3Bd:\klocwork\user 9.6\class\log4j.jar%3Bd:\klocwork\user 9.6\class\kwutils.jar%3Bd:\klocwork\user 9.6\class\cmdparser.jar%3Bd:\klocwork\user 9.6\class\commons-io-1.4.jar%3Bd:\klocwork\user 9.6\class\datautils.jar%3Bd:\klocwork\user 9.6\class\buildutils.jar%3BD:\Applications\apache-ant-1.9.2\lib\ant-antlr.jar%3BD:\Applications\apache-ant-1.9.2\lib\ant-apache-bcel.jar%3BD:\Applications\apache-ant-1.9.2\lib\ant-apache-bsf.jar%3BD:\Applications\apache-ant-1.9.2\lib\ant-apache-log4j.jar%3BD:\Applications\apache-ant-1.9.2\lib\ant-apache-oro.jar%3BD:\Applications\apache-ant-1.9.2\lib\ant-apache-regexp.jar%3BD:\Applications\apache-ant-1.9.2\lib\ant-apache-resolver.jar%3BD:\Applications\apache-ant-1.9.2\lib\ant-apache-xalan2.jar%3BD:\Applications\apache-ant-1.9.2\lib\ant-commons-logging.jar%3BD:\Applications\apache-ant-1.9.2\lib\ant-commons-net.jar%3BD:\Applications\apache-ant-1.9.2\lib\ant-jai.jar%3BD:\Applications\apache-ant-1.9.2\lib\ant-javamail.jar%3BD:\Applications\apache-ant-1.9.2\lib\ant-jdepend.jar%3BD:\Applications\apache-ant-1.9.2\lib\ant-jmf.jar%3BD:\Applications\apache-ant-1.9.2\lib\ant-jsch.jar%3BD:\Applications\apache-ant-1.9.2\lib\ant-junit.jar%3BD:\Applications\apache-ant-1.9.2\lib\ant-junit4.jar%3BD:\Applications\apache-ant-1.9.2\lib\ant-netrexx.jar%3BD:\Applications\apache-ant-1.9.2\lib\ant-swing.jar%3BD:\Applications\apache-ant-1.9.2\lib\ant-testutil.jar%3BD:\Applications\apache-ant-1.9.2\lib\ant.jar%3BC:\Program Files\Java\jdk1.7.0_45\lib\tools.jar%3BC:\Program Files\Java\jdk1.7.0_45\jre\lib\ext\access-bridge-64.jar%3BC:\Program Files\Java\jdk1.7.0_45\jre\lib\ext\dnsns.jar%3BC:\Program Files\Java\jdk1.7.0_45\jre\lib\ext\jaccess.jar%3BC:\Program Files\Java\jdk1.7.0_45\jre\lib\ext\localedata.jar%3BC:\Program Files\Java\jdk1.7.0_45\jre\lib\ext\sunec.jar%3BC:\Program Files\Java\jdk1.7.0_45\jre\lib\ext\sunjce_provider.jar%3BC:\Program Files\Java\jdk1.7.0_45\jre\lib\ext\sunmscapi.jar%3BC:\Program Files\Java\jdk1.7.0_45\jre\lib\ext\zipfs.jar;-source;1.6
jcompile;COMPILE_UNIT_61c9d566e6204613a33dd4441a06a473;C:\Users\k.antczak\workspace\Code Monkey\src\kao\monkey\expressions\tree\ILeaf.java
jcompile;COMPILE_UNIT_61c9d566e6204613a33dd4441a06a473;C:\Users\k.antczak\workspace\Code Monkey\src\kao\monkey\gui\DirFilter.java
jcompile;COMPILE_UNIT_61c9d566e6204613a33dd4441a06a473;C:\Users\k.antczak\workspace\Code Monkey\src\kao\monkey\explorer\FilesExplorer.java
jcompile;COMPILE_UNIT_61c9d566e6204613a33dd4441a06a473;C:\Users\k.antczak\workspace\Code Monkey\src\kao\monkey\CodeMonkey.java
jcompile;COMPILE_UNIT_61c9d566e6204613a33dd4441a06a473;C:\Users\k.antczak\workspace\Code Monkey\src\kao\monkey\expressions\ExpressionTree.java
jcompile;COMPILE_UNIT_61c9d566e6204613a33dd4441a06a473;C:\Users\k.antczak\workspace\Code Monkey\src\kao\monkey\expressions\Expression.java
jcompile;COMPILE_UNIT_61c9d566e6204613a33dd4441a06a473;C:\Users\k.antczak\workspace\Code Monkey\src\kao\monkey\utils\Constants.java
jcompile;COMPILE_UNIT_61c9d566e6204613a33dd4441a06a473;C:\Users\k.antczak\workspace\Code Monkey\src\kao\monkey\explorer\ExpressionExplorerListener.java
jcompile;COMPILE_UNIT_61c9d566e6204613a33dd4441a06a473;C:\Users\k.antczak\workspace\Code Monkey\src\kao\monkey\explorer\LineReadedExplorerListener.java
jcompile;COMPILE_UNIT_61c9d566e6204613a33dd4441a06a473;C:\Users\k.antczak\workspace\Code Monkey\src\kao\monkey\gui\JDirChooser.java
jcompile;COMPILE_UNIT_61c9d566e6204613a33dd4441a06a473;C:\Users\k.antczak\workspace\Code Monkey\src\kao\monkey\explorer\ExplorerFinishListener.java
jcompile;COMPILE_UNIT_61c9d566e6204613a33dd4441a06a473;C:\Users\k.antczak\workspace\Code Monkey\src\kao\monkey\expressions\ExpressionDefinition.java
jcompile;COMPILE_UNIT_61c9d566e6204613a33dd4441a06a473;C:\Users\k.antczak\workspace\Code Monkey\src\kao\monkey\explorer\ExplorerEvent.java
jcompile;COMPILE_UNIT_61c9d566e6204613a33dd4441a06a473;C:\Users\k.antczak\workspace\Code Monkey\src\kao\monkey\expressions\IExpression.java
jcompile;COMPILE_UNIT_61c9d566e6204613a33dd4441a06a473;C:\Users\k.antczak\workspace\Code Monkey\src\kao\monkey\explorer\ForwardDeclarationFixer.java
jcompile;COMPILE_UNIT_61c9d566e6204613a33dd4441a06a473;C:\Users\k.antczak\workspace\Code Monkey\src\kao\monkey\gui\MainWindow.java
jcompile;COMPILE_UNIT_61c9d566e6204613a33dd4441a06a473;C:\Users\k.antczak\workspace\Code Monkey\src\kao\monkey\expressions\xml\XMLExpressionDefinitionReader.java
jcompile;COMPILE_UNIT_61c9d566e6204613a33dd4441a06a473;C:\Users\k.antczak\workspace\Code Monkey\src\kao\monkey\expressions\tree\Tree.java
jcompile;COMPILE_UNIT_61c9d566e6204613a33dd4441a06a473;C:\Users\k.antczak\workspace\Code Monkey\src\kao\monkey\explorer\ExplorerFinishEvent.java
jcompile;COMPILE_UNIT_61c9d566e6204613a33dd4441a06a473;C:\Users\k.antczak\workspace\Code Monkey\src\kao\monkey\explorer\ExplorerListener.java
